<?xml version="1.0" encoding="UTF-8"?>
<coverage generated="1646839036148" clover="3.2.0">
  <project timestamp="1646839036148" name="All files">
    <metrics statements="13" coveredstatements="13" conditionals="4" coveredconditionals="2" methods="2" coveredmethods="2" elements="19" coveredelements="17" complexity="0" loc="13" ncloc="13" packages="1" files="1" classes="1"/>
    <file name="errors.js" path="C:\Users\cuelloar\OneDrive - Hewlett Packard Enterprise\Documents\Arantxa\Bootcamp 2022\mindfulness-back\src\server\middlewares\errors.js">
      <metrics statements="13" coveredstatements="13" conditionals="4" coveredconditionals="2" methods="2" coveredmethods="2"/>
      <line num="1" count="1" type="stmt"/>
      <line num="2" count="1" type="stmt"/>
      <line num="4" count="1" type="stmt"/>
      <line num="5" count="1" type="stmt"/>
      <line num="6" count="1" type="stmt"/>
      <line num="7" count="1" type="stmt"/>
      <line num="11" count="1" type="stmt"/>
      <line num="12" count="2" type="stmt"/>
      <line num="13" count="2" type="cond" truecount="1" falsecount="1"/>
      <line num="14" count="2" type="cond" truecount="1" falsecount="1"/>
      <line num="15" count="2" type="stmt"/>
      <line num="16" count="2" type="stmt"/>
      <line num="19" count="1" type="stmt"/>
    </file>
  </project>
</coverage>
