{"C:\\Users\\cuelloar\\OneDrive - Hewlett Packard Enterprise\\Documents\\Arantxa\\Bootcamp 2022\\mindfulness-back\\src\\server\\middlewares\\errors.js": {"path":"C:\\Users\\cuelloar\\OneDrive - Hewlett Packard Enterprise\\Documents\\Arantxa\\Bootcamp 2022\\mindfulness-back\\src\\server\\middlewares\\errors.js","statementMap":{"0":{"start":{"line":1,"column":14},"end":{"line":1,"column":30}},"1":{"start":{"line":2,"column":14},"end":{"line":2,"column":71}},"2":{"start":{"line":4,"column":22},"end":{"line":8,"column":1}},"3":{"start":{"line":5,"column":2},"end":{"line":5,"column":42}},"4":{"start":{"line":6,"column":2},"end":{"line":6,"column":18}},"5":{"start":{"line":7,"column":2},"end":{"line":7,"column":60}},"6":{"start":{"line":11,"column":21},"end":{"line":17,"column":1}},"7":{"start":{"line":12,"column":2},"end":{"line":12,"column":44}},"8":{"start":{"line":13,"column":20},"end":{"line":13,"column":35}},"9":{"start":{"line":14,"column":23},"end":{"line":14,"column":72}},"10":{"start":{"line":15,"column":2},"end":{"line":15,"column":24}},"11":{"start":{"line":16,"column":2},"end":{"line":16,"column":51}},"12":{"start":{"line":19,"column":0},"end":{"line":22,"column":2}}},"fnMap":{"0":{"name":"(anonymous_0)","decl":{"start":{"line":4,"column":22},"end":{"line":4,"column":23}},"loc":{"start":{"line":4,"column":36},"end":{"line":8,"column":1}},"line":4},"1":{"name":"(anonymous_1)","decl":{"start":{"line":11,"column":21},"end":{"line":11,"column":22}},"loc":{"start":{"line":11,"column":46},"end":{"line":17,"column":1}},"line":11}},"branchMap":{"0":{"loc":{"start":{"line":13,"column":20},"end":{"line":13,"column":35}},"type":"binary-expr","locations":[{"start":{"line":13,"column":20},"end":{"line":13,"column":28}},{"start":{"line":13,"column":32},"end":{"line":13,"column":35}}],"line":13},"1":{"loc":{"start":{"line":14,"column":23},"end":{"line":14,"column":72}},"type":"cond-expr","locations":[{"start":{"line":14,"column":34},"end":{"line":14,"column":45}},{"start":{"line":14,"column":48},"end":{"line":14,"column":72}}],"line":14}},"s":{"0":1,"1":1,"2":1,"3":1,"4":1,"5":1,"6":1,"7":2,"8":2,"9":2,"10":2,"11":2,"12":1},"f":{"0":1,"1":2},"b":{"0":[2,0],"1":[2,0]},"_coverageSchema":"1a1c01bbd47fc00a2c39e90264f33305004495a9","hash":"8515e45976038ad73e8ae5e4cd8aa2bb73f2837b"}
}
